<testsuites id="" name="" tests="10" failures="6" skipped="0" errors="0" time="7.255017999999999">
<testsuite name="smoke.spec.js" timestamp="2025-08-24T15:06:07.762Z" hostname="chromium" tests="10" failures="6" skipped="0" time="23.417" errors="0">
<testcase name="SMOKE - Demo Microblog UI (6 Fail + 4 Pass Tests) › 1) Home loads &amp; has title (PASS)" classname="smoke.spec.js" time="1.342">
</testcase>
<testcase name="SMOKE - Demo Microblog UI (6 Fail + 4 Pass Tests) › 2) Header navigation switches views (FAIL)" classname="smoke.spec.js" time="3.029">
<failure message="smoke.spec.js:21:5 2) Header navigation switches views (FAIL)" type="FAILURE">
<![CDATA[  [chromium] › smoke.spec.js:21:5 › SMOKE - Demo Microblog UI (6 Fail + 4 Pass Tests) › 2) Header navigation switches views (FAIL) 

    Error: expect(locator).toBeVisible() failed

    Locator:  locator('#main-navigation-menu')
    Expected: visible
    Received: <element(s) not found>
    Timeout:  2000ms

    Call log:
      - Expect "toBeVisible" with timeout 2000ms
      - waiting for locator('#main-navigation-menu')


      30 |         // không có menu navigation phức tạp như #main-navigation-menu
      31 |         // Đây là tính năng nâng cao chưa được implement trong demo
    > 32 |         await expect(page.locator('#main-navigation-menu')).toBeVisible({ timeout: 2000 });
         |                                                             ^
      33 |         
      34 |         // Kết quả: FAIL - Menu navigation chính không tồn tại trong demo server
      35 |         // Giải pháp: Cần implement menu navigation hoặc sử dụng selector phù hợp với demo
        at D:\Study\KiemThuPhanMem\Smoke-Testing\playwright_smoke\tests\smoke.spec.js:32:61

    attachment #1: screenshot (image/png) ──────────────────────────────────────────────────────────
    ..\test-results\smoke-SMOKE---Demo-Microbl-c978e-gation-switches-views-FAIL--chromium\test-failed-1.png
    ────────────────────────────────────────────────────────────────────────────────────────────────

    attachment #2: video (video/webm) ──────────────────────────────────────────────────────────────
    ..\test-results\smoke-SMOKE---Demo-Microbl-c978e-gation-switches-views-FAIL--chromium\video.webm
    ────────────────────────────────────────────────────────────────────────────────────────────────

    Error Context: ..\test-results\smoke-SMOKE---Demo-Microbl-c978e-gation-switches-views-FAIL--chromium\error-context.md
]]>
</failure>
<system-out>
<![CDATA[
[[ATTACHMENT|test-results\smoke-SMOKE---Demo-Microbl-c978e-gation-switches-views-FAIL--chromium\test-failed-1.png]]

[[ATTACHMENT|test-results\smoke-SMOKE---Demo-Microbl-c978e-gation-switches-views-FAIL--chromium\video.webm]]

[[ATTACHMENT|test-results\smoke-SMOKE---Demo-Microbl-c978e-gation-switches-views-FAIL--chromium\error-context.md]]
]]>
</system-out>
</testcase>
<testcase name="SMOKE - Demo Microblog UI (6 Fail + 4 Pass Tests) › 3) Products render (PASS)" classname="smoke.spec.js" time="1.382">
</testcase>
<testcase name="SMOKE - Demo Microblog UI (6 Fail + 4 Pass Tests) › 4) Search filters products (FAIL)" classname="smoke.spec.js" time="3.252">
<failure message="smoke.spec.js:57:5 4) Search filters products (FAIL)" type="FAILURE">
<![CDATA[  [chromium] › smoke.spec.js:57:5 › SMOKE - Demo Microblog UI (6 Fail + 4 Pass Tests) › 4) Search filters products (FAIL) 

    Error: expect(locator).toBeVisible() failed

    Locator:  locator('#search-box')
    Expected: visible
    Received: <element(s) not found>
    Timeout:  2000ms

    Call log:
      - Expect "toBeVisible" with timeout 2000ms
      - waiting for locator('#search-box')


      66 |         // Chỉ có các trang cơ bản: home, login, register, explore
      67 |         // Tính năng search là tính năng nâng cao chưa được implement
    > 68 |         await expect(page.locator('#search-box')).toBeVisible({ timeout: 2000 });
         |                                                   ^
      69 |         await expect(page.locator('#search-results')).toBeVisible({ timeout: 2000 });
      70 |         
      71 |         // Kết quả: FAIL - Chức năng search không tồn tại trong demo server
        at D:\Study\KiemThuPhanMem\Smoke-Testing\playwright_smoke\tests\smoke.spec.js:68:51

    attachment #1: screenshot (image/png) ──────────────────────────────────────────────────────────
    ..\test-results\smoke-SMOKE---Demo-Microbl-d1098-arch-filters-products-FAIL--chromium\test-failed-1.png
    ────────────────────────────────────────────────────────────────────────────────────────────────

    attachment #2: video (video/webm) ──────────────────────────────────────────────────────────────
    ..\test-results\smoke-SMOKE---Demo-Microbl-d1098-arch-filters-products-FAIL--chromium\video.webm
    ────────────────────────────────────────────────────────────────────────────────────────────────

    Error Context: ..\test-results\smoke-SMOKE---Demo-Microbl-d1098-arch-filters-products-FAIL--chromium\error-context.md
]]>
</failure>
<system-out>
<![CDATA[
[[ATTACHMENT|test-results\smoke-SMOKE---Demo-Microbl-d1098-arch-filters-products-FAIL--chromium\test-failed-1.png]]

[[ATTACHMENT|test-results\smoke-SMOKE---Demo-Microbl-d1098-arch-filters-products-FAIL--chromium\video.webm]]

[[ATTACHMENT|test-results\smoke-SMOKE---Demo-Microbl-d1098-arch-filters-products-FAIL--chromium\error-context.md]]
]]>
</system-out>
</testcase>
<testcase name="SMOKE - Demo Microblog UI (6 Fail + 4 Pass Tests) › 5) Category filter works (PASS)" classname="smoke.spec.js" time="1.452">
</testcase>
<testcase name="SMOKE - Demo Microblog UI (6 Fail + 4 Pass Tests) › 6) Add to cart -&gt; appears in cart (FAIL)" classname="smoke.spec.js" time="3.273">
<failure message="smoke.spec.js:91:5 6) Add to cart -&gt; appears in cart (FAIL)" type="FAILURE">
<![CDATA[  [chromium] › smoke.spec.js:91:5 › SMOKE - Demo Microblog UI (6 Fail + 4 Pass Tests) › 6) Add to cart -> appears in cart (FAIL) 

    Error: expect(locator).toBeVisible() failed

    Locator:  locator('#add-to-cart-button')
    Expected: visible
    Received: <element(s) not found>
    Timeout:  2000ms

    Call log:
      - Expect "toBeVisible" with timeout 2000ms
      - waiting for locator('#add-to-cart-button')


      100 |         // Không có chức năng shopping cart, chỉ có chức năng tạo posts
      101 |         // Đây là tính năng của ứng dụng khác (e-commerce) không có trong microblog
    > 102 |         await expect(page.locator('#add-to-cart-button')).toBeVisible({ timeout: 2000 });
          |                                                           ^
      103 |         await expect(page.locator('#cart-icon')).toBeVisible({ timeout: 2000 });
      104 |         
      105 |         // Kết quả: FAIL - Chức năng shopping cart không tồn tại trong microblog demo
        at D:\Study\KiemThuPhanMem\Smoke-Testing\playwright_smoke\tests\smoke.spec.js:102:59

    attachment #1: screenshot (image/png) ──────────────────────────────────────────────────────────
    ..\test-results\smoke-SMOKE---Demo-Microbl-015e4-art---appears-in-cart-FAIL--chromium\test-failed-1.png
    ────────────────────────────────────────────────────────────────────────────────────────────────

    attachment #2: video (video/webm) ──────────────────────────────────────────────────────────────
    ..\test-results\smoke-SMOKE---Demo-Microbl-015e4-art---appears-in-cart-FAIL--chromium\video.webm
    ────────────────────────────────────────────────────────────────────────────────────────────────

    Error Context: ..\test-results\smoke-SMOKE---Demo-Microbl-015e4-art---appears-in-cart-FAIL--chromium\error-context.md
]]>
</failure>
<system-out>
<![CDATA[
[[ATTACHMENT|test-results\smoke-SMOKE---Demo-Microbl-015e4-art---appears-in-cart-FAIL--chromium\test-failed-1.png]]

[[ATTACHMENT|test-results\smoke-SMOKE---Demo-Microbl-015e4-art---appears-in-cart-FAIL--chromium\video.webm]]

[[ATTACHMENT|test-results\smoke-SMOKE---Demo-Microbl-015e4-art---appears-in-cart-FAIL--chromium\error-context.md]]
]]>
</system-out>
</testcase>
<testcase name="SMOKE - Demo Microblog UI (6 Fail + 4 Pass Tests) › 7) Quantity change updates total (FAIL)" classname="smoke.spec.js" time="3.064">
<failure message="smoke.spec.js:109:5 7) Quantity change updates total (FAIL)" type="FAILURE">
<![CDATA[  [chromium] › smoke.spec.js:109:5 › SMOKE - Demo Microblog UI (6 Fail + 4 Pass Tests) › 7) Quantity change updates total (FAIL) 

    Error: expect(locator).toBeVisible() failed

    Locator:  locator('#quantity-selector')
    Expected: visible
    Received: <element(s) not found>
    Timeout:  2000ms

    Call log:
      - Expect "toBeVisible" with timeout 2000ms
      - waiting for locator('#quantity-selector')


      119 |         // Tính năng quantity selector chỉ có trong ứng dụng shopping, không có trong microblog
      120 |         await expect(page.locator('body')).toBeVisible();
    > 121 |         await expect(page.locator('#quantity-selector')).toBeVisible({ timeout: 2000 });
          |                                                          ^
      122 |         
      123 |         // Kết quả: FAIL - Trang cart không tồn tại (404), quantity selector không có
      124 |         // Giải pháp: Cần implement trang cart hoặc thay đổi test case phù hợp với microblog
        at D:\Study\KiemThuPhanMem\Smoke-Testing\playwright_smoke\tests\smoke.spec.js:121:58

    attachment #1: screenshot (image/png) ──────────────────────────────────────────────────────────
    ..\test-results\smoke-SMOKE---Demo-Microbl-bbba6--change-updates-total-FAIL--chromium\test-failed-1.png
    ────────────────────────────────────────────────────────────────────────────────────────────────

    attachment #2: video (video/webm) ──────────────────────────────────────────────────────────────
    ..\test-results\smoke-SMOKE---Demo-Microbl-bbba6--change-updates-total-FAIL--chromium\video.webm
    ────────────────────────────────────────────────────────────────────────────────────────────────

    Error Context: ..\test-results\smoke-SMOKE---Demo-Microbl-bbba6--change-updates-total-FAIL--chromium\error-context.md
]]>
</failure>
<system-out>
<![CDATA[
[[ATTACHMENT|test-results\smoke-SMOKE---Demo-Microbl-bbba6--change-updates-total-FAIL--chromium\test-failed-1.png]]

[[ATTACHMENT|test-results\smoke-SMOKE---Demo-Microbl-bbba6--change-updates-total-FAIL--chromium\video.webm]]

[[ATTACHMENT|test-results\smoke-SMOKE---Demo-Microbl-bbba6--change-updates-total-FAIL--chromium\error-context.md]]
]]>
</system-out>
</testcase>
<testcase name="SMOKE - Demo Microblog UI (6 Fail + 4 Pass Tests) › 8) Remove item from cart (FAIL)" classname="smoke.spec.js" time="3.473">
<failure message="smoke.spec.js:127:5 8) Remove item from cart (FAIL)" type="FAILURE">
<![CDATA[  [chromium] › smoke.spec.js:127:5 › SMOKE - Demo Microblog UI (6 Fail + 4 Pass Tests) › 8) Remove item from cart (FAIL) 

    Error: expect(locator).toBeVisible() failed

    Locator:  locator('#remove-item-button')
    Expected: visible
    Received: <element(s) not found>
    Timeout:  2000ms

    Call log:
      - Expect "toBeVisible" with timeout 2000ms
      - waiting for locator('#remove-item-button')


      136 |         // Không có nút remove item hay thông báo cart empty
      137 |         // Đây là tính năng e-commerce không có trong microblog
    > 138 |         await expect(page.locator('#remove-item-button')).toBeVisible({ timeout: 2000 });
          |                                                           ^
      139 |         await expect(page.locator('#cart-empty-message')).toBeVisible({ timeout: 2000 });
      140 |         
      141 |         // Kết quả: FAIL - Chức năng remove item không tồn tại trong microblog
        at D:\Study\KiemThuPhanMem\Smoke-Testing\playwright_smoke\tests\smoke.spec.js:138:59

    attachment #1: screenshot (image/png) ──────────────────────────────────────────────────────────
    ..\test-results\smoke-SMOKE---Demo-Microbl-6b685-Remove-item-from-cart-FAIL--chromium\test-failed-1.png
    ────────────────────────────────────────────────────────────────────────────────────────────────

    attachment #2: video (video/webm) ──────────────────────────────────────────────────────────────
    ..\test-results\smoke-SMOKE---Demo-Microbl-6b685-Remove-item-from-cart-FAIL--chromium\video.webm
    ────────────────────────────────────────────────────────────────────────────────────────────────

    Error Context: ..\test-results\smoke-SMOKE---Demo-Microbl-6b685-Remove-item-from-cart-FAIL--chromium\error-context.md
]]>
</failure>
<system-out>
<![CDATA[
[[ATTACHMENT|test-results\smoke-SMOKE---Demo-Microbl-6b685-Remove-item-from-cart-FAIL--chromium\test-failed-1.png]]

[[ATTACHMENT|test-results\smoke-SMOKE---Demo-Microbl-6b685-Remove-item-from-cart-FAIL--chromium\video.webm]]

[[ATTACHMENT|test-results\smoke-SMOKE---Demo-Microbl-6b685-Remove-item-from-cart-FAIL--chromium\error-context.md]]
]]>
</system-out>
</testcase>
<testcase name="SMOKE - Demo Microblog UI (6 Fail + 4 Pass Tests) › 9) Login empty submit shows error (PASS)" classname="smoke.spec.js" time="0.531">
</testcase>
<testcase name="SMOKE - Demo Microblog UI (6 Fail + 4 Pass Tests) › 10) Cart persists after refresh (FAIL)" classname="smoke.spec.js" time="2.619">
<failure message="smoke.spec.js:162:5 10) Cart persists after refresh (FAIL)" type="FAILURE">
<![CDATA[  [chromium] › smoke.spec.js:162:5 › SMOKE - Demo Microblog UI (6 Fail + 4 Pass Tests) › 10) Cart persists after refresh (FAIL) 

    Error: expect(locator).toBeVisible() failed

    Locator:  locator('#cart-persistence-indicator')
    Expected: visible
    Received: <element(s) not found>
    Timeout:  2000ms

    Call log:
      - Expect "toBeVisible" with timeout 2000ms
      - waiting for locator('#cart-persistence-indicator')


      171 |         // Không có cart persistence indicator hay cart item count
      172 |         // Đây là tính năng e-commerce nâng cao không có trong microblog demo
    > 173 |         await expect(page.locator('#cart-persistence-indicator')).toBeVisible({ timeout: 2000 });
          |                                                                   ^
      174 |         await expect(page.locator('#cart-item-count')).toBeVisible({ timeout: 2000 });
      175 |         
      176 |         // Kết quả: FAIL - Chức năng cart persistence không tồn tại trong microblog
        at D:\Study\KiemThuPhanMem\Smoke-Testing\playwright_smoke\tests\smoke.spec.js:173:67

    attachment #1: screenshot (image/png) ──────────────────────────────────────────────────────────
    ..\test-results\smoke-SMOKE---Demo-Microbl-51055-ersists-after-refresh-FAIL--chromium\test-failed-1.png
    ────────────────────────────────────────────────────────────────────────────────────────────────

    attachment #2: video (video/webm) ──────────────────────────────────────────────────────────────
    ..\test-results\smoke-SMOKE---Demo-Microbl-51055-ersists-after-refresh-FAIL--chromium\video.webm
    ────────────────────────────────────────────────────────────────────────────────────────────────

    Error Context: ..\test-results\smoke-SMOKE---Demo-Microbl-51055-ersists-after-refresh-FAIL--chromium\error-context.md
]]>
</failure>
<system-out>
<![CDATA[
[[ATTACHMENT|test-results\smoke-SMOKE---Demo-Microbl-51055-ersists-after-refresh-FAIL--chromium\test-failed-1.png]]

[[ATTACHMENT|test-results\smoke-SMOKE---Demo-Microbl-51055-ersists-after-refresh-FAIL--chromium\video.webm]]

[[ATTACHMENT|test-results\smoke-SMOKE---Demo-Microbl-51055-ersists-after-refresh-FAIL--chromium\error-context.md]]
]]>
</system-out>
</testcase>
</testsuite>
</testsuites>